  App.cpp
c:\users\pokev\desktop\cse165\final_project\glutapp\player.h(12): warning C4305: 'argument': truncation from 'double' to 'float'
c:\users\pokev\desktop\cse165\final_project\glutapp\player.h(16): warning C4305: '=': truncation from 'double' to 'float'
c:\users\pokev\desktop\cse165\final_project\glutapp\player.h(19): warning C4305: 'argument': truncation from 'double' to 'float'
c:\users\pokev\desktop\cse165\final_project\glutapp\player.h(23): warning C4305: '=': truncation from 'double' to 'float'
c:\users\pokev\desktop\cse165\final_project\glutapp\enemy.h(16): warning C4305: 'argument': truncation from 'double' to 'float'
c:\users\pokev\desktop\cse165\final_project\glutapp\enemy.h(20): warning C4305: '=': truncation from 'double' to 'float'
c:\users\pokev\desktop\cse165\final_project\glutapp\enemy.h(26): warning C4305: 'argument': truncation from 'double' to 'float'
c:\users\pokev\desktop\cse165\final_project\glutapp\enemy.h(30): warning C4305: '=': truncation from 'double' to 'float'
c:\users\pokev\desktop\cse165\final_project\glutapp\game.h(35): warning C4244: 'argument': conversion from 'time_t' to 'unsigned int', possible loss of data
c:\users\pokev\desktop\cse165\final_project\glutapp\game.h(45): warning C4244: 'argument': conversion from 'time_t' to 'unsigned int', possible loss of data
  app_main.cpp
c:\users\pokev\desktop\cse165\final_project\glutapp\player.h(12): warning C4305: 'argument': truncation from 'double' to 'float'
c:\users\pokev\desktop\cse165\final_project\glutapp\player.h(16): warning C4305: '=': truncation from 'double' to 'float'
c:\users\pokev\desktop\cse165\final_project\glutapp\player.h(19): warning C4305: 'argument': truncation from 'double' to 'float'
c:\users\pokev\desktop\cse165\final_project\glutapp\player.h(23): warning C4305: '=': truncation from 'double' to 'float'
c:\users\pokev\desktop\cse165\final_project\glutapp\enemy.h(16): warning C4305: 'argument': truncation from 'double' to 'float'
c:\users\pokev\desktop\cse165\final_project\glutapp\enemy.h(20): warning C4305: '=': truncation from 'double' to 'float'
c:\users\pokev\desktop\cse165\final_project\glutapp\enemy.h(26): warning C4305: 'argument': truncation from 'double' to 'float'
c:\users\pokev\desktop\cse165\final_project\glutapp\enemy.h(30): warning C4305: '=': truncation from 'double' to 'float'
c:\users\pokev\desktop\cse165\final_project\glutapp\game.h(35): warning C4244: 'argument': conversion from 'time_t' to 'unsigned int', possible loss of data
c:\users\pokev\desktop\cse165\final_project\glutapp\game.h(45): warning C4244: 'argument': conversion from 'time_t' to 'unsigned int', possible loss of data
  Generating Code...
App.obj : warning LNK4075: ignoring '/EDITANDCONTINUE' due to '/SAFESEH' specification
  glutapp.vcxproj -> C:\Users\pokev\Desktop\CSE165\final_project\GlutApp\visualc15\obj\glutapp_Debug\glutapp.exe
